<?xml version="1.0" encoding="UTF-8"?>
<testsuite xmlns:xsi="http://www.w3.org/2001/XMLSchema-instance" xsi:noNamespaceSchemaLocation="https://maven.apache.org/surefire/maven-surefire-plugin/xsd/surefire-test-report-3.0.xsd" version="3.0" name="lambda.LambdaHandlerTest" time="4.505" tests="1" errors="0" skipped="0" failures="0">
  <properties>
    <property name="java.specification.version" value="21"/>
    <property name="sun.cpu.isalist" value="amd64"/>
    <property name="test.url" value="http://localhost:8081"/>
    <property name="sun.jnu.encoding" value="Cp1252"/>
    <property name="java.class.path" value="C:\Users\Pedro Ritzel Scalco\Desktop\Trabalho\Treinamento\Quarkus\quarkus-lambda\quarkus-lambda\target\test-classes;C:\Users\Pedro Ritzel Scalco\Desktop\Trabalho\Treinamento\Quarkus\quarkus-lambda\quarkus-lambda\target\classes;C:\Users\Pedro Ritzel Scalco\.m2\repository\io\quarkus\quarkus-amazon-lambda\3.11.1\quarkus-amazon-lambda-3.11.1.jar;C:\Users\Pedro Ritzel Scalco\.m2\repository\io\quarkus\quarkus-amazon-lambda-common\3.11.1\quarkus-amazon-lambda-common-3.11.1.jar;C:\Users\Pedro Ritzel Scalco\.m2\repository\com\amazonaws\aws-lambda-java-core\1.2.3\aws-lambda-java-core-1.2.3.jar;C:\Users\Pedro Ritzel Scalco\.m2\repository\com\amazonaws\aws-lambda-java-events\3.11.5\aws-lambda-java-events-3.11.5.jar;C:\Users\Pedro Ritzel Scalco\.m2\repository\io\quarkus\quarkus-arc\3.11.1\quarkus-arc-3.11.1.jar;C:\Users\Pedro Ritzel Scalco\.m2\repository\io\quarkus\arc\arc\3.11.1\arc-3.11.1.jar;C:\Users\Pedro Ritzel Scalco\.m2\repository\jakarta\transaction\jakarta.transaction-api\2.0.1\jakarta.transaction-api-2.0.1.jar;C:\Users\Pedro Ritzel Scalco\.m2\repository\io\smallrye\reactive\mutiny\2.6.0\mutiny-2.6.0.jar;C:\Users\Pedro Ritzel Scalco\.m2\repository\org\jctools\jctools-core\4.0.3\jctools-core-4.0.3.jar;C:\Users\Pedro Ritzel Scalco\.m2\repository\org\eclipse\microprofile\context-propagation\microprofile-context-propagation-api\1.3\microprofile-context-propagation-api-1.3.jar;C:\Users\Pedro Ritzel Scalco\.m2\repository\io\quarkus\quarkus-jackson\3.11.1\quarkus-jackson-3.11.1.jar;C:\Users\Pedro Ritzel Scalco\.m2\repository\com\fasterxml\jackson\core\jackson-databind\2.17.1\jackson-databind-2.17.1.jar;C:\Users\Pedro Ritzel Scalco\.m2\repository\com\fasterxml\jackson\datatype\jackson-datatype-jsr310\2.17.1\jackson-datatype-jsr310-2.17.1.jar;C:\Users\Pedro Ritzel Scalco\.m2\repository\com\fasterxml\jackson\datatype\jackson-datatype-jdk8\2.17.1\jackson-datatype-jdk8-2.17.1.jar;C:\Users\Pedro Ritzel Scalco\.m2\repository\com\fasterxml\jackson\module\jackson-module-parameter-names\2.17.1\jackson-module-parameter-names-2.17.1.jar;C:\Users\Pedro Ritzel Scalco\.m2\repository\com\fasterxml\jackson\datatype\jackson-datatype-joda\2.17.1\jackson-datatype-joda-2.17.1.jar;C:\Users\Pedro Ritzel Scalco\.m2\repository\com\fasterxml\jackson\core\jackson-annotations\2.17.1\jackson-annotations-2.17.1.jar;C:\Users\Pedro Ritzel Scalco\.m2\repository\com\fasterxml\jackson\core\jackson-core\2.17.1\jackson-core-2.17.1.jar;C:\Users\Pedro Ritzel Scalco\.m2\repository\joda-time\joda-time\2.10.14\joda-time-2.10.14.jar;C:\Users\Pedro Ritzel Scalco\.m2\repository\io\rest-assured\rest-assured\5.4.0\rest-assured-5.4.0.jar;C:\Users\Pedro Ritzel Scalco\.m2\repository\org\apache\groovy\groovy\4.0.16\groovy-4.0.16.jar;C:\Users\Pedro Ritzel Scalco\.m2\repository\org\apache\groovy\groovy-xml\4.0.16\groovy-xml-4.0.16.jar;C:\Users\Pedro Ritzel Scalco\.m2\repository\org\apache\httpcomponents\httpclient\4.5.14\httpclient-4.5.14.jar;C:\Users\Pedro Ritzel Scalco\.m2\repository\org\apache\httpcomponents\httpcore\4.4.16\httpcore-4.4.16.jar;C:\Users\Pedro Ritzel Scalco\.m2\repository\commons-codec\commons-codec\1.17.0\commons-codec-1.17.0.jar;C:\Users\Pedro Ritzel Scalco\.m2\repository\org\apache\httpcomponents\httpmime\4.5.14\httpmime-4.5.14.jar;C:\Users\Pedro Ritzel Scalco\.m2\repository\org\hamcrest\hamcrest\2.2\hamcrest-2.2.jar;C:\Users\Pedro Ritzel Scalco\.m2\repository\org\ccil\cowan\tagsoup\tagsoup\1.2.1\tagsoup-1.2.1.jar;C:\Users\Pedro Ritzel Scalco\.m2\repository\io\rest-assured\json-path\5.4.0\json-path-5.4.0.jar;C:\Users\Pedro Ritzel Scalco\.m2\repository\org\apache\groovy\groovy-json\4.0.16\groovy-json-4.0.16.jar;C:\Users\Pedro Ritzel Scalco\.m2\repository\io\rest-assured\rest-assured-common\5.4.0\rest-assured-common-5.4.0.jar;C:\Users\Pedro Ritzel Scalco\.m2\repository\io\rest-assured\xml-path\5.4.0\xml-path-5.4.0.jar;C:\Users\Pedro Ritzel Scalco\.m2\repository\org\apache\commons\commons-lang3\3.14.0\commons-lang3-3.14.0.jar;C:\Users\Pedro Ritzel Scalco\.m2\repository\io\quarkus\quarkus-junit5\3.11.1\quarkus-junit5-3.11.1.jar;C:\Users\Pedro Ritzel Scalco\.m2\repository\io\quarkus\quarkus-bootstrap-core\3.11.1\quarkus-bootstrap-core-3.11.1.jar;C:\Users\Pedro Ritzel Scalco\.m2\repository\io\quarkus\quarkus-classloader-commons\3.11.1\quarkus-classloader-commons-3.11.1.jar;C:\Users\Pedro Ritzel Scalco\.m2\repository\io\quarkus\quarkus-bootstrap-app-model\3.11.1\quarkus-bootstrap-app-model-3.11.1.jar;C:\Users\Pedro Ritzel Scalco\.m2\repository\io\smallrye\common\smallrye-common-io\2.3.0\smallrye-common-io-2.3.0.jar;C:\Users\Pedro Ritzel Scalco\.m2\repository\org\eclipse\sisu\org.eclipse.sisu.inject\0.9.0.M2\org.eclipse.sisu.inject-0.9.0.M2.jar;C:\Users\Pedro Ritzel Scalco\.m2\repository\io\quarkus\quarkus-test-common\3.11.1\quarkus-test-common-3.11.1.jar;C:\Users\Pedro Ritzel Scalco\.m2\repository\io\quarkus\quarkus-core-deployment\3.11.1\quarkus-core-deployment-3.11.1.jar;C:\Users\Pedro Ritzel Scalco\.m2\repository\org\aesh\readline\2.4\readline-2.4.jar;C:\Users\Pedro Ritzel Scalco\.m2\repository\org\fusesource\jansi\jansi\2.4.0\jansi-2.4.0.jar;C:\Users\Pedro Ritzel Scalco\.m2\repository\org\aesh\aesh\2.7\aesh-2.7.jar;C:\Users\Pedro Ritzel Scalco\.m2\repository\io\quarkus\gizmo\gizmo\1.8.0\gizmo-1.8.0.jar;C:\Users\Pedro Ritzel Scalco\.m2\repository\org\ow2\asm\asm-util\9.7\asm-util-9.7.jar;C:\Users\Pedro Ritzel Scalco\.m2\repository\org\ow2\asm\asm-analysis\9.7\asm-analysis-9.7.jar;C:\Users\Pedro Ritzel Scalco\.m2\repository\org\ow2\asm\asm\9.7\asm-9.7.jar;C:\Users\Pedro Ritzel Scalco\.m2\repository\org\ow2\asm\asm-commons\9.7\asm-commons-9.7.jar;C:\Users\Pedro Ritzel Scalco\.m2\repository\org\ow2\asm\asm-tree\9.7\asm-tree-9.7.jar;C:\Users\Pedro Ritzel Scalco\.m2\repository\io\quarkus\quarkus-hibernate-validator-spi\3.11.1\quarkus-hibernate-validator-spi-3.11.1.jar;C:\Users\Pedro Ritzel Scalco\.m2\repository\io\quarkus\quarkus-class-change-agent\3.11.1\quarkus-class-change-agent-3.11.1.jar;C:\Users\Pedro Ritzel Scalco\.m2\repository\io\quarkus\quarkus-devtools-utilities\3.11.1\quarkus-devtools-utilities-3.11.1.jar;C:\Users\Pedro Ritzel Scalco\.m2\repository\io\quarkus\quarkus-builder\3.11.1\quarkus-builder-3.11.1.jar;C:\Users\Pedro Ritzel Scalco\.m2\repository\org\graalvm\sdk\nativeimage\23.1.2\nativeimage-23.1.2.jar;C:\Users\Pedro Ritzel Scalco\.m2\repository\org\graalvm\sdk\word\23.1.2\word-23.1.2.jar;C:\Users\Pedro Ritzel Scalco\.m2\repository\org\junit\platform\junit-platform-launcher\1.10.2\junit-platform-launcher-1.10.2.jar;C:\Users\Pedro Ritzel Scalco\.m2\repository\io\quarkus\quarkus-bootstrap-maven-resolver\3.11.1\quarkus-bootstrap-maven-resolver-3.11.1.jar;C:\Users\Pedro Ritzel Scalco\.m2\repository\io\smallrye\beanbag\smallrye-beanbag-maven\1.4.1\smallrye-beanbag-maven-1.4.1.jar;C:\Users\Pedro Ritzel Scalco\.m2\repository\io\smallrye\beanbag\smallrye-beanbag-sisu\1.4.1\smallrye-beanbag-sisu-1.4.1.jar;C:\Users\Pedro Ritzel Scalco\.m2\repository\io\smallrye\beanbag\smallrye-beanbag\1.4.1\smallrye-beanbag-1.4.1.jar;C:\Users\Pedro Ritzel Scalco\.m2\repository\javax\inject\javax.inject\1\javax.inject-1.jar;C:\Users\Pedro Ritzel Scalco\.m2\repository\org\apache\maven\maven-artifact\3.9.6\maven-artifact-3.9.6.jar;C:\Users\Pedro Ritzel Scalco\.m2\repository\org\apache\maven\maven-builder-support\3.9.6\maven-builder-support-3.9.6.jar;C:\Users\Pedro Ritzel Scalco\.m2\repository\org\apache\maven\maven-model\3.9.6\maven-model-3.9.6.jar;C:\Users\Pedro Ritzel Scalco\.m2\repository\org\apache\maven\maven-model-builder\3.9.6\maven-model-builder-3.9.6.jar;C:\Users\Pedro Ritzel Scalco\.m2\repository\org\apache\maven\maven-repository-metadata\3.9.6\maven-repository-metadata-3.9.6.jar;C:\Users\Pedro Ritzel Scalco\.m2\repository\org\apache\maven\maven-settings\3.9.6\maven-settings-3.9.6.jar;C:\Users\Pedro Ritzel Scalco\.m2\repository\org\apache\maven\resolver\maven-resolver-api\1.9.18\maven-resolver-api-1.9.18.jar;C:\Users\Pedro Ritzel Scalco\.m2\repository\org\apache\maven\resolver\maven-resolver-impl\1.9.18\maven-resolver-impl-1.9.18.jar;C:\Users\Pedro Ritzel Scalco\.m2\repository\org\apache\maven\resolver\maven-resolver-named-locks\1.9.18\maven-resolver-named-locks-1.9.18.jar;C:\Users\Pedro Ritzel Scalco\.m2\repository\org\apache\maven\resolver\maven-resolver-spi\1.9.18\maven-resolver-spi-1.9.18.jar;C:\Users\Pedro Ritzel Scalco\.m2\repository\org\apache\maven\resolver\maven-resolver-util\1.9.18\maven-resolver-util-1.9.18.jar;C:\Users\Pedro Ritzel Scalco\.m2\repository\org\apache\maven\resolver\maven-resolver-transport-http\1.9.18\maven-resolver-transport-http-1.9.18.jar;C:\Users\Pedro Ritzel Scalco\.m2\repository\org\apache\maven\wagon\wagon-provider-api\3.5.3\wagon-provider-api-3.5.3.jar;C:\Users\Pedro Ritzel Scalco\.m2\repository\org\apache\maven\wagon\wagon-http-shared\3.5.3\wagon-http-shared-3.5.3.jar;C:\Users\Pedro Ritzel Scalco\.m2\repository\org\codehaus\plexus\plexus-interpolation\1.26\plexus-interpolation-1.26.jar;C:\Users\Pedro Ritzel Scalco\.m2\repository\org\codehaus\plexus\plexus-utils\3.5.1\plexus-utils-3.5.1.jar;C:\Users\Pedro Ritzel Scalco\.m2\repository\org\codehaus\plexus\plexus-xml\4.0.0\plexus-xml-4.0.0.jar;C:\Users\Pedro Ritzel Scalco\.m2\repository\org\apache\maven\maven-xml-impl\4.0.0-alpha-5\maven-xml-impl-4.0.0-alpha-5.jar;C:\Users\Pedro Ritzel Scalco\.m2\repository\org\apache\maven\maven-api-xml\4.0.0-alpha-5\maven-api-xml-4.0.0-alpha-5.jar;C:\Users\Pedro Ritzel Scalco\.m2\repository\org\apache\maven\maven-api-meta\4.0.0-alpha-5\maven-api-meta-4.0.0-alpha-5.jar;C:\Users\Pedro Ritzel Scalco\.m2\repository\org\codehaus\plexus\plexus-cipher\2.0\plexus-cipher-2.0.jar;C:\Users\Pedro Ritzel Scalco\.m2\repository\org\codehaus\plexus\plexus-sec-dispatcher\2.0\plexus-sec-dispatcher-2.0.jar;C:\Users\Pedro Ritzel Scalco\.m2\repository\org\apache\maven\maven-embedder\3.9.6\maven-embedder-3.9.6.jar;C:\Users\Pedro Ritzel Scalco\.m2\repository\org\apache\maven\maven-core\3.9.6\maven-core-3.9.6.jar;C:\Users\Pedro Ritzel Scalco\.m2\repository\org\codehaus\plexus\plexus-component-annotations\2.1.0\plexus-component-annotations-2.1.0.jar;C:\Users\Pedro Ritzel Scalco\.m2\repository\org\apache\maven\maven-plugin-api\3.9.6\maven-plugin-api-3.9.6.jar;C:\Users\Pedro Ritzel Scalco\.m2\repository\org\apache\maven\shared\maven-shared-utils\3.3.4\maven-shared-utils-3.3.4.jar;C:\Users\Pedro Ritzel Scalco\.m2\repository\com\google\inject\guice\5.1.0\guice-5.1.0.jar;C:\Users\Pedro Ritzel Scalco\.m2\repository\aopalliance\aopalliance\1.0\aopalliance-1.0.jar;C:\Users\Pedro Ritzel Scalco\.m2\repository\com\google\guava\guava\33.2.0-jre\guava-33.2.0-jre.jar;C:\Users\Pedro Ritzel Scalco\.m2\repository\com\google\guava\failureaccess\1.0.1\failureaccess-1.0.1.jar;C:\Users\Pedro Ritzel Scalco\.m2\repository\javax\annotation\javax.annotation-api\1.3.2\javax.annotation-api-1.3.2.jar;C:\Users\Pedro Ritzel Scalco\.m2\repository\org\codehaus\plexus\plexus-classworlds\2.6.0\plexus-classworlds-2.6.0.jar;C:\Users\Pedro Ritzel Scalco\.m2\repository\commons-cli\commons-cli\1.5.0\commons-cli-1.5.0.jar;C:\Users\Pedro Ritzel Scalco\.m2\repository\org\eclipse\sisu\org.eclipse.sisu.plexus\0.9.0.M2\org.eclipse.sisu.plexus-0.9.0.M2.jar;C:\Users\Pedro Ritzel Scalco\.m2\repository\org\apache\maven\maven-settings-builder\3.9.6\maven-settings-builder-3.9.6.jar;C:\Users\Pedro Ritzel Scalco\.m2\repository\org\apache\maven\maven-resolver-provider\3.9.6\maven-resolver-provider-3.9.6.jar;C:\Users\Pedro Ritzel Scalco\.m2\repository\org\apache\maven\resolver\maven-resolver-connector-basic\1.9.18\maven-resolver-connector-basic-1.9.18.jar;C:\Users\Pedro Ritzel Scalco\.m2\repository\org\apache\maven\resolver\maven-resolver-transport-wagon\1.9.18\maven-resolver-transport-wagon-1.9.18.jar;C:\Users\Pedro Ritzel Scalco\.m2\repository\org\apache\maven\wagon\wagon-http\3.5.3\wagon-http-3.5.3.jar;C:\Users\Pedro Ritzel Scalco\.m2\repository\org\apache\maven\wagon\wagon-file\3.5.3\wagon-file-3.5.3.jar;C:\Users\Pedro Ritzel Scalco\.m2\repository\io\quarkus\quarkus-bootstrap-gradle-resolver\3.11.1\quarkus-bootstrap-gradle-resolver-3.11.1.jar;C:\Users\Pedro Ritzel Scalco\.m2\repository\io\smallrye\jandex\3.1.8\jandex-3.1.8.jar;C:\Users\Pedro Ritzel Scalco\.m2\repository\commons-io\commons-io\2.16.1\commons-io-2.16.1.jar;C:\Users\Pedro Ritzel Scalco\.m2\repository\org\jboss\logging\commons-logging-jboss-logging\1.0.0.Final\commons-logging-jboss-logging-1.0.0.Final.jar;C:\Users\Pedro Ritzel Scalco\.m2\repository\io\quarkus\quarkus-junit5-properties\3.11.1\quarkus-junit5-properties-3.11.1.jar;C:\Users\Pedro Ritzel Scalco\.m2\repository\org\junit\jupiter\junit-jupiter\5.10.2\junit-jupiter-5.10.2.jar;C:\Users\Pedro Ritzel Scalco\.m2\repository\org\junit\jupiter\junit-jupiter-api\5.10.2\junit-jupiter-api-5.10.2.jar;C:\Users\Pedro Ritzel Scalco\.m2\repository\org\opentest4j\opentest4j\1.3.0\opentest4j-1.3.0.jar;C:\Users\Pedro Ritzel Scalco\.m2\repository\org\junit\platform\junit-platform-commons\1.10.2\junit-platform-commons-1.10.2.jar;C:\Users\Pedro Ritzel Scalco\.m2\repository\org\apiguardian\apiguardian-api\1.1.2\apiguardian-api-1.1.2.jar;C:\Users\Pedro Ritzel Scalco\.m2\repository\org\junit\jupiter\junit-jupiter-params\5.10.2\junit-jupiter-params-5.10.2.jar;C:\Users\Pedro Ritzel Scalco\.m2\repository\org\junit\jupiter\junit-jupiter-engine\5.10.2\junit-jupiter-engine-5.10.2.jar;C:\Users\Pedro Ritzel Scalco\.m2\repository\org\junit\platform\junit-platform-engine\1.10.2\junit-platform-engine-1.10.2.jar;C:\Users\Pedro Ritzel Scalco\.m2\repository\io\quarkus\quarkus-core\3.11.1\quarkus-core-3.11.1.jar;C:\Users\Pedro Ritzel Scalco\.m2\repository\jakarta\annotation\jakarta.annotation-api\3.0.0\jakarta.annotation-api-3.0.0.jar;C:\Users\Pedro Ritzel Scalco\.m2\repository\jakarta\enterprise\jakarta.enterprise.cdi-api\4.1.0\jakarta.enterprise.cdi-api-4.1.0.jar;C:\Users\Pedro Ritzel Scalco\.m2\repository\jakarta\enterprise\jakarta.enterprise.lang-model\4.1.0\jakarta.enterprise.lang-model-4.1.0.jar;C:\Users\Pedro Ritzel Scalco\.m2\repository\jakarta\el\jakarta.el-api\5.0.1\jakarta.el-api-5.0.1.jar;C:\Users\Pedro Ritzel Scalco\.m2\repository\jakarta\interceptor\jakarta.interceptor-api\2.2.0\jakarta.interceptor-api-2.2.0.jar;C:\Users\Pedro Ritzel Scalco\.m2\repository\jakarta\inject\jakarta.inject-api\2.0.1\jakarta.inject-api-2.0.1.jar;C:\Users\Pedro Ritzel Scalco\.m2\repository\io\smallrye\common\smallrye-common-os\2.3.0\smallrye-common-os-2.3.0.jar;C:\Users\Pedro Ritzel Scalco\.m2\repository\io\quarkus\quarkus-ide-launcher\3.11.1\quarkus-ide-launcher-3.11.1.jar;C:\Users\Pedro Ritzel Scalco\.m2\repository\io\quarkus\quarkus-development-mode-spi\3.11.1\quarkus-development-mode-spi-3.11.1.jar;C:\Users\Pedro Ritzel Scalco\.m2\repository\io\smallrye\config\smallrye-config\3.8.1\smallrye-config-3.8.1.jar;C:\Users\Pedro Ritzel Scalco\.m2\repository\io\smallrye\config\smallrye-config-core\3.8.1\smallrye-config-core-3.8.1.jar;C:\Users\Pedro Ritzel Scalco\.m2\repository\org\eclipse\microprofile\config\microprofile-config-api\3.1\microprofile-config-api-3.1.jar;C:\Users\Pedro Ritzel Scalco\.m2\repository\io\smallrye\common\smallrye-common-annotation\2.3.0\smallrye-common-annotation-2.3.0.jar;C:\Users\Pedro Ritzel Scalco\.m2\repository\io\smallrye\common\smallrye-common-classloader\2.3.0\smallrye-common-classloader-2.3.0.jar;C:\Users\Pedro Ritzel Scalco\.m2\repository\io\smallrye\config\smallrye-config-common\3.8.1\smallrye-config-common-3.8.1.jar;C:\Users\Pedro Ritzel Scalco\.m2\repository\org\jboss\logging\jboss-logging\3.5.3.Final\jboss-logging-3.5.3.Final.jar;C:\Users\Pedro Ritzel Scalco\.m2\repository\org\jboss\logmanager\jboss-logmanager\3.0.6.Final\jboss-logmanager-3.0.6.Final.jar;C:\Users\Pedro Ritzel Scalco\.m2\repository\io\smallrye\common\smallrye-common-constraint\2.3.0\smallrye-common-constraint-2.3.0.jar;C:\Users\Pedro Ritzel Scalco\.m2\repository\io\smallrye\common\smallrye-common-cpu\2.3.0\smallrye-common-cpu-2.3.0.jar;C:\Users\Pedro Ritzel Scalco\.m2\repository\io\smallrye\common\smallrye-common-expression\2.3.0\smallrye-common-expression-2.3.0.jar;C:\Users\Pedro Ritzel Scalco\.m2\repository\io\smallrye\common\smallrye-common-function\2.3.0\smallrye-common-function-2.3.0.jar;C:\Users\Pedro Ritzel Scalco\.m2\repository\io\smallrye\common\smallrye-common-net\2.3.0\smallrye-common-net-2.3.0.jar;C:\Users\Pedro Ritzel Scalco\.m2\repository\io\smallrye\common\smallrye-common-ref\2.3.0\smallrye-common-ref-2.3.0.jar;C:\Users\Pedro Ritzel Scalco\.m2\repository\jakarta\json\jakarta.json-api\2.1.3\jakarta.json-api-2.1.3.jar;C:\Users\Pedro Ritzel Scalco\.m2\repository\org\eclipse\parsson\parsson\1.1.6\parsson-1.1.6.jar;C:\Users\Pedro Ritzel Scalco\.m2\repository\org\jboss\logging\jboss-logging-annotations\2.2.1.Final\jboss-logging-annotations-2.2.1.Final.jar;C:\Users\Pedro Ritzel Scalco\.m2\repository\org\jboss\threads\jboss-threads\3.6.1.Final\jboss-threads-3.6.1.Final.jar;C:\Users\Pedro Ritzel Scalco\.m2\repository\org\slf4j\slf4j-api\2.0.6\slf4j-api-2.0.6.jar;C:\Users\Pedro Ritzel Scalco\.m2\repository\org\jboss\slf4j\slf4j-jboss-logmanager\2.0.0.Final\slf4j-jboss-logmanager-2.0.0.Final.jar;C:\Users\Pedro Ritzel Scalco\.m2\repository\org\wildfly\common\wildfly-common\1.7.0.Final\wildfly-common-1.7.0.Final.jar;C:\Users\Pedro Ritzel Scalco\.m2\repository\io\quarkus\quarkus-bootstrap-runner\3.11.1\quarkus-bootstrap-runner-3.11.1.jar;C:\Users\Pedro Ritzel Scalco\.m2\repository\io\github\crac\org-crac\0.1.3\org-crac-0.1.3.jar;C:\Users\Pedro Ritzel Scalco\.m2\repository\io\quarkus\quarkus-fs-util\0.0.10\quarkus-fs-util-0.0.10.jar;C:\Users\Pedro Ritzel Scalco\.m2\repository\com\thoughtworks\xstream\xstream\1.4.20\xstream-1.4.20.jar;C:\Users\Pedro Ritzel Scalco\.m2\repository\io\github\x-stream\mxparser\1.2.2\mxparser-1.2.2.jar;C:\Users\Pedro Ritzel Scalco\.m2\repository\xmlpull\xmlpull\1.1.3.1\xmlpull-1.1.3.1.jar;C:\Users\Pedro Ritzel Scalco\.m2\repository\org\json\json\20190722\json-20190722.jar;"/>
    <property name="java.vm.vendor" value="Azul Systems, Inc."/>
    <property name="sun.arch.data.model" value="64"/>
    <property name="user.variant" value=""/>
    <property name="quarkusRegistryClient" value="true"/>
    <property name="java.vendor.url" value="http://www.azul.com/"/>
    <property name="user.timezone" value="America/Sao_Paulo"/>
    <property name="logging.initial-configurator.min-level" value="500"/>
    <property name="os.name" value="Windows 11"/>
    <property name="java.vm.specification.version" value="21"/>
    <property name="sun.java.launcher" value="SUN_STANDARD"/>
    <property name="user.country" value="BR"/>
    <property name="groovy.use.classvalue" value="false"/>
    <property name="sun.boot.library.path" value="C:\Program Files\Java\zulu-21\bin"/>
    <property name="sun.java.command" value="C:\Users\Pedro Ritzel Scalco\AppData\Local\Temp\surefire8549294390597937056\surefirebooter-20240621180713913_3.jar C:\Users\Pedro Ritzel Scalco\AppData\Local\Temp\surefire8549294390597937056 2024-06-21T18-07-13_774-jvmRun1 surefire-20240621180713913_1tmp surefire_0-20240621180713913_2tmp"/>
    <property name="jdk.debug" value="release"/>
    <property name="maven.home" value="C:\Users\Pedro Ritzel Scalco\.m2\wrapper\dists\apache-maven-3.6.3-bin\1iopthnavndlasol9gbrbg6bf2\apache-maven-3.6.3"/>
    <property name="surefire.test.class.path" value="C:\Users\Pedro Ritzel Scalco\Desktop\Trabalho\Treinamento\Quarkus\quarkus-lambda\quarkus-lambda\target\test-classes;C:\Users\Pedro Ritzel Scalco\Desktop\Trabalho\Treinamento\Quarkus\quarkus-lambda\quarkus-lambda\target\classes;C:\Users\Pedro Ritzel Scalco\.m2\repository\io\quarkus\quarkus-amazon-lambda\3.11.1\quarkus-amazon-lambda-3.11.1.jar;C:\Users\Pedro Ritzel Scalco\.m2\repository\io\quarkus\quarkus-amazon-lambda-common\3.11.1\quarkus-amazon-lambda-common-3.11.1.jar;C:\Users\Pedro Ritzel Scalco\.m2\repository\com\amazonaws\aws-lambda-java-core\1.2.3\aws-lambda-java-core-1.2.3.jar;C:\Users\Pedro Ritzel Scalco\.m2\repository\com\amazonaws\aws-lambda-java-events\3.11.5\aws-lambda-java-events-3.11.5.jar;C:\Users\Pedro Ritzel Scalco\.m2\repository\io\quarkus\quarkus-arc\3.11.1\quarkus-arc-3.11.1.jar;C:\Users\Pedro Ritzel Scalco\.m2\repository\io\quarkus\arc\arc\3.11.1\arc-3.11.1.jar;C:\Users\Pedro Ritzel Scalco\.m2\repository\jakarta\transaction\jakarta.transaction-api\2.0.1\jakarta.transaction-api-2.0.1.jar;C:\Users\Pedro Ritzel Scalco\.m2\repository\io\smallrye\reactive\mutiny\2.6.0\mutiny-2.6.0.jar;C:\Users\Pedro Ritzel Scalco\.m2\repository\org\jctools\jctools-core\4.0.3\jctools-core-4.0.3.jar;C:\Users\Pedro Ritzel Scalco\.m2\repository\org\eclipse\microprofile\context-propagation\microprofile-context-propagation-api\1.3\microprofile-context-propagation-api-1.3.jar;C:\Users\Pedro Ritzel Scalco\.m2\repository\io\quarkus\quarkus-jackson\3.11.1\quarkus-jackson-3.11.1.jar;C:\Users\Pedro Ritzel Scalco\.m2\repository\com\fasterxml\jackson\core\jackson-databind\2.17.1\jackson-databind-2.17.1.jar;C:\Users\Pedro Ritzel Scalco\.m2\repository\com\fasterxml\jackson\datatype\jackson-datatype-jsr310\2.17.1\jackson-datatype-jsr310-2.17.1.jar;C:\Users\Pedro Ritzel Scalco\.m2\repository\com\fasterxml\jackson\datatype\jackson-datatype-jdk8\2.17.1\jackson-datatype-jdk8-2.17.1.jar;C:\Users\Pedro Ritzel Scalco\.m2\repository\com\fasterxml\jackson\module\jackson-module-parameter-names\2.17.1\jackson-module-parameter-names-2.17.1.jar;C:\Users\Pedro Ritzel Scalco\.m2\repository\com\fasterxml\jackson\datatype\jackson-datatype-joda\2.17.1\jackson-datatype-joda-2.17.1.jar;C:\Users\Pedro Ritzel Scalco\.m2\repository\com\fasterxml\jackson\core\jackson-annotations\2.17.1\jackson-annotations-2.17.1.jar;C:\Users\Pedro Ritzel Scalco\.m2\repository\com\fasterxml\jackson\core\jackson-core\2.17.1\jackson-core-2.17.1.jar;C:\Users\Pedro Ritzel Scalco\.m2\repository\joda-time\joda-time\2.10.14\joda-time-2.10.14.jar;C:\Users\Pedro Ritzel Scalco\.m2\repository\io\rest-assured\rest-assured\5.4.0\rest-assured-5.4.0.jar;C:\Users\Pedro Ritzel Scalco\.m2\repository\org\apache\groovy\groovy\4.0.16\groovy-4.0.16.jar;C:\Users\Pedro Ritzel Scalco\.m2\repository\org\apache\groovy\groovy-xml\4.0.16\groovy-xml-4.0.16.jar;C:\Users\Pedro Ritzel Scalco\.m2\repository\org\apache\httpcomponents\httpclient\4.5.14\httpclient-4.5.14.jar;C:\Users\Pedro Ritzel Scalco\.m2\repository\org\apache\httpcomponents\httpcore\4.4.16\httpcore-4.4.16.jar;C:\Users\Pedro Ritzel Scalco\.m2\repository\commons-codec\commons-codec\1.17.0\commons-codec-1.17.0.jar;C:\Users\Pedro Ritzel Scalco\.m2\repository\org\apache\httpcomponents\httpmime\4.5.14\httpmime-4.5.14.jar;C:\Users\Pedro Ritzel Scalco\.m2\repository\org\hamcrest\hamcrest\2.2\hamcrest-2.2.jar;C:\Users\Pedro Ritzel Scalco\.m2\repository\org\ccil\cowan\tagsoup\tagsoup\1.2.1\tagsoup-1.2.1.jar;C:\Users\Pedro Ritzel Scalco\.m2\repository\io\rest-assured\json-path\5.4.0\json-path-5.4.0.jar;C:\Users\Pedro Ritzel Scalco\.m2\repository\org\apache\groovy\groovy-json\4.0.16\groovy-json-4.0.16.jar;C:\Users\Pedro Ritzel Scalco\.m2\repository\io\rest-assured\rest-assured-common\5.4.0\rest-assured-common-5.4.0.jar;C:\Users\Pedro Ritzel Scalco\.m2\repository\io\rest-assured\xml-path\5.4.0\xml-path-5.4.0.jar;C:\Users\Pedro Ritzel Scalco\.m2\repository\org\apache\commons\commons-lang3\3.14.0\commons-lang3-3.14.0.jar;C:\Users\Pedro Ritzel Scalco\.m2\repository\io\quarkus\quarkus-junit5\3.11.1\quarkus-junit5-3.11.1.jar;C:\Users\Pedro Ritzel Scalco\.m2\repository\io\quarkus\quarkus-bootstrap-core\3.11.1\quarkus-bootstrap-core-3.11.1.jar;C:\Users\Pedro Ritzel Scalco\.m2\repository\io\quarkus\quarkus-classloader-commons\3.11.1\quarkus-classloader-commons-3.11.1.jar;C:\Users\Pedro Ritzel Scalco\.m2\repository\io\quarkus\quarkus-bootstrap-app-model\3.11.1\quarkus-bootstrap-app-model-3.11.1.jar;C:\Users\Pedro Ritzel Scalco\.m2\repository\io\smallrye\common\smallrye-common-io\2.3.0\smallrye-common-io-2.3.0.jar;C:\Users\Pedro Ritzel Scalco\.m2\repository\org\eclipse\sisu\org.eclipse.sisu.inject\0.9.0.M2\org.eclipse.sisu.inject-0.9.0.M2.jar;C:\Users\Pedro Ritzel Scalco\.m2\repository\io\quarkus\quarkus-test-common\3.11.1\quarkus-test-common-3.11.1.jar;C:\Users\Pedro Ritzel Scalco\.m2\repository\io\quarkus\quarkus-core-deployment\3.11.1\quarkus-core-deployment-3.11.1.jar;C:\Users\Pedro Ritzel Scalco\.m2\repository\org\aesh\readline\2.4\readline-2.4.jar;C:\Users\Pedro Ritzel Scalco\.m2\repository\org\fusesource\jansi\jansi\2.4.0\jansi-2.4.0.jar;C:\Users\Pedro Ritzel Scalco\.m2\repository\org\aesh\aesh\2.7\aesh-2.7.jar;C:\Users\Pedro Ritzel Scalco\.m2\repository\io\quarkus\gizmo\gizmo\1.8.0\gizmo-1.8.0.jar;C:\Users\Pedro Ritzel Scalco\.m2\repository\org\ow2\asm\asm-util\9.7\asm-util-9.7.jar;C:\Users\Pedro Ritzel Scalco\.m2\repository\org\ow2\asm\asm-analysis\9.7\asm-analysis-9.7.jar;C:\Users\Pedro Ritzel Scalco\.m2\repository\org\ow2\asm\asm\9.7\asm-9.7.jar;C:\Users\Pedro Ritzel Scalco\.m2\repository\org\ow2\asm\asm-commons\9.7\asm-commons-9.7.jar;C:\Users\Pedro Ritzel Scalco\.m2\repository\org\ow2\asm\asm-tree\9.7\asm-tree-9.7.jar;C:\Users\Pedro Ritzel Scalco\.m2\repository\io\quarkus\quarkus-hibernate-validator-spi\3.11.1\quarkus-hibernate-validator-spi-3.11.1.jar;C:\Users\Pedro Ritzel Scalco\.m2\repository\io\quarkus\quarkus-class-change-agent\3.11.1\quarkus-class-change-agent-3.11.1.jar;C:\Users\Pedro Ritzel Scalco\.m2\repository\io\quarkus\quarkus-devtools-utilities\3.11.1\quarkus-devtools-utilities-3.11.1.jar;C:\Users\Pedro Ritzel Scalco\.m2\repository\io\quarkus\quarkus-builder\3.11.1\quarkus-builder-3.11.1.jar;C:\Users\Pedro Ritzel Scalco\.m2\repository\org\graalvm\sdk\nativeimage\23.1.2\nativeimage-23.1.2.jar;C:\Users\Pedro Ritzel Scalco\.m2\repository\org\graalvm\sdk\word\23.1.2\word-23.1.2.jar;C:\Users\Pedro Ritzel Scalco\.m2\repository\org\junit\platform\junit-platform-launcher\1.10.2\junit-platform-launcher-1.10.2.jar;C:\Users\Pedro Ritzel Scalco\.m2\repository\io\quarkus\quarkus-bootstrap-maven-resolver\3.11.1\quarkus-bootstrap-maven-resolver-3.11.1.jar;C:\Users\Pedro Ritzel Scalco\.m2\repository\io\smallrye\beanbag\smallrye-beanbag-maven\1.4.1\smallrye-beanbag-maven-1.4.1.jar;C:\Users\Pedro Ritzel Scalco\.m2\repository\io\smallrye\beanbag\smallrye-beanbag-sisu\1.4.1\smallrye-beanbag-sisu-1.4.1.jar;C:\Users\Pedro Ritzel Scalco\.m2\repository\io\smallrye\beanbag\smallrye-beanbag\1.4.1\smallrye-beanbag-1.4.1.jar;C:\Users\Pedro Ritzel Scalco\.m2\repository\javax\inject\javax.inject\1\javax.inject-1.jar;C:\Users\Pedro Ritzel Scalco\.m2\repository\org\apache\maven\maven-artifact\3.9.6\maven-artifact-3.9.6.jar;C:\Users\Pedro Ritzel Scalco\.m2\repository\org\apache\maven\maven-builder-support\3.9.6\maven-builder-support-3.9.6.jar;C:\Users\Pedro Ritzel Scalco\.m2\repository\org\apache\maven\maven-model\3.9.6\maven-model-3.9.6.jar;C:\Users\Pedro Ritzel Scalco\.m2\repository\org\apache\maven\maven-model-builder\3.9.6\maven-model-builder-3.9.6.jar;C:\Users\Pedro Ritzel Scalco\.m2\repository\org\apache\maven\maven-repository-metadata\3.9.6\maven-repository-metadata-3.9.6.jar;C:\Users\Pedro Ritzel Scalco\.m2\repository\org\apache\maven\maven-settings\3.9.6\maven-settings-3.9.6.jar;C:\Users\Pedro Ritzel Scalco\.m2\repository\org\apache\maven\resolver\maven-resolver-api\1.9.18\maven-resolver-api-1.9.18.jar;C:\Users\Pedro Ritzel Scalco\.m2\repository\org\apache\maven\resolver\maven-resolver-impl\1.9.18\maven-resolver-impl-1.9.18.jar;C:\Users\Pedro Ritzel Scalco\.m2\repository\org\apache\maven\resolver\maven-resolver-named-locks\1.9.18\maven-resolver-named-locks-1.9.18.jar;C:\Users\Pedro Ritzel Scalco\.m2\repository\org\apache\maven\resolver\maven-resolver-spi\1.9.18\maven-resolver-spi-1.9.18.jar;C:\Users\Pedro Ritzel Scalco\.m2\repository\org\apache\maven\resolver\maven-resolver-util\1.9.18\maven-resolver-util-1.9.18.jar;C:\Users\Pedro Ritzel Scalco\.m2\repository\org\apache\maven\resolver\maven-resolver-transport-http\1.9.18\maven-resolver-transport-http-1.9.18.jar;C:\Users\Pedro Ritzel Scalco\.m2\repository\org\apache\maven\wagon\wagon-provider-api\3.5.3\wagon-provider-api-3.5.3.jar;C:\Users\Pedro Ritzel Scalco\.m2\repository\org\apache\maven\wagon\wagon-http-shared\3.5.3\wagon-http-shared-3.5.3.jar;C:\Users\Pedro Ritzel Scalco\.m2\repository\org\codehaus\plexus\plexus-interpolation\1.26\plexus-interpolation-1.26.jar;C:\Users\Pedro Ritzel Scalco\.m2\repository\org\codehaus\plexus\plexus-utils\3.5.1\plexus-utils-3.5.1.jar;C:\Users\Pedro Ritzel Scalco\.m2\repository\org\codehaus\plexus\plexus-xml\4.0.0\plexus-xml-4.0.0.jar;C:\Users\Pedro Ritzel Scalco\.m2\repository\org\apache\maven\maven-xml-impl\4.0.0-alpha-5\maven-xml-impl-4.0.0-alpha-5.jar;C:\Users\Pedro Ritzel Scalco\.m2\repository\org\apache\maven\maven-api-xml\4.0.0-alpha-5\maven-api-xml-4.0.0-alpha-5.jar;C:\Users\Pedro Ritzel Scalco\.m2\repository\org\apache\maven\maven-api-meta\4.0.0-alpha-5\maven-api-meta-4.0.0-alpha-5.jar;C:\Users\Pedro Ritzel Scalco\.m2\repository\org\codehaus\plexus\plexus-cipher\2.0\plexus-cipher-2.0.jar;C:\Users\Pedro Ritzel Scalco\.m2\repository\org\codehaus\plexus\plexus-sec-dispatcher\2.0\plexus-sec-dispatcher-2.0.jar;C:\Users\Pedro Ritzel Scalco\.m2\repository\org\apache\maven\maven-embedder\3.9.6\maven-embedder-3.9.6.jar;C:\Users\Pedro Ritzel Scalco\.m2\repository\org\apache\maven\maven-core\3.9.6\maven-core-3.9.6.jar;C:\Users\Pedro Ritzel Scalco\.m2\repository\org\codehaus\plexus\plexus-component-annotations\2.1.0\plexus-component-annotations-2.1.0.jar;C:\Users\Pedro Ritzel Scalco\.m2\repository\org\apache\maven\maven-plugin-api\3.9.6\maven-plugin-api-3.9.6.jar;C:\Users\Pedro Ritzel Scalco\.m2\repository\org\apache\maven\shared\maven-shared-utils\3.3.4\maven-shared-utils-3.3.4.jar;C:\Users\Pedro Ritzel Scalco\.m2\repository\com\google\inject\guice\5.1.0\guice-5.1.0.jar;C:\Users\Pedro Ritzel Scalco\.m2\repository\aopalliance\aopalliance\1.0\aopalliance-1.0.jar;C:\Users\Pedro Ritzel Scalco\.m2\repository\com\google\guava\guava\33.2.0-jre\guava-33.2.0-jre.jar;C:\Users\Pedro Ritzel Scalco\.m2\repository\com\google\guava\failureaccess\1.0.1\failureaccess-1.0.1.jar;C:\Users\Pedro Ritzel Scalco\.m2\repository\javax\annotation\javax.annotation-api\1.3.2\javax.annotation-api-1.3.2.jar;C:\Users\Pedro Ritzel Scalco\.m2\repository\org\codehaus\plexus\plexus-classworlds\2.6.0\plexus-classworlds-2.6.0.jar;C:\Users\Pedro Ritzel Scalco\.m2\repository\commons-cli\commons-cli\1.5.0\commons-cli-1.5.0.jar;C:\Users\Pedro Ritzel Scalco\.m2\repository\org\eclipse\sisu\org.eclipse.sisu.plexus\0.9.0.M2\org.eclipse.sisu.plexus-0.9.0.M2.jar;C:\Users\Pedro Ritzel Scalco\.m2\repository\org\apache\maven\maven-settings-builder\3.9.6\maven-settings-builder-3.9.6.jar;C:\Users\Pedro Ritzel Scalco\.m2\repository\org\apache\maven\maven-resolver-provider\3.9.6\maven-resolver-provider-3.9.6.jar;C:\Users\Pedro Ritzel Scalco\.m2\repository\org\apache\maven\resolver\maven-resolver-connector-basic\1.9.18\maven-resolver-connector-basic-1.9.18.jar;C:\Users\Pedro Ritzel Scalco\.m2\repository\org\apache\maven\resolver\maven-resolver-transport-wagon\1.9.18\maven-resolver-transport-wagon-1.9.18.jar;C:\Users\Pedro Ritzel Scalco\.m2\repository\org\apache\maven\wagon\wagon-http\3.5.3\wagon-http-3.5.3.jar;C:\Users\Pedro Ritzel Scalco\.m2\repository\org\apache\maven\wagon\wagon-file\3.5.3\wagon-file-3.5.3.jar;C:\Users\Pedro Ritzel Scalco\.m2\repository\io\quarkus\quarkus-bootstrap-gradle-resolver\3.11.1\quarkus-bootstrap-gradle-resolver-3.11.1.jar;C:\Users\Pedro Ritzel Scalco\.m2\repository\io\smallrye\jandex\3.1.8\jandex-3.1.8.jar;C:\Users\Pedro Ritzel Scalco\.m2\repository\commons-io\commons-io\2.16.1\commons-io-2.16.1.jar;C:\Users\Pedro Ritzel Scalco\.m2\repository\org\jboss\logging\commons-logging-jboss-logging\1.0.0.Final\commons-logging-jboss-logging-1.0.0.Final.jar;C:\Users\Pedro Ritzel Scalco\.m2\repository\io\quarkus\quarkus-junit5-properties\3.11.1\quarkus-junit5-properties-3.11.1.jar;C:\Users\Pedro Ritzel Scalco\.m2\repository\org\junit\jupiter\junit-jupiter\5.10.2\junit-jupiter-5.10.2.jar;C:\Users\Pedro Ritzel Scalco\.m2\repository\org\junit\jupiter\junit-jupiter-api\5.10.2\junit-jupiter-api-5.10.2.jar;C:\Users\Pedro Ritzel Scalco\.m2\repository\org\opentest4j\opentest4j\1.3.0\opentest4j-1.3.0.jar;C:\Users\Pedro Ritzel Scalco\.m2\repository\org\junit\platform\junit-platform-commons\1.10.2\junit-platform-commons-1.10.2.jar;C:\Users\Pedro Ritzel Scalco\.m2\repository\org\apiguardian\apiguardian-api\1.1.2\apiguardian-api-1.1.2.jar;C:\Users\Pedro Ritzel Scalco\.m2\repository\org\junit\jupiter\junit-jupiter-params\5.10.2\junit-jupiter-params-5.10.2.jar;C:\Users\Pedro Ritzel Scalco\.m2\repository\org\junit\jupiter\junit-jupiter-engine\5.10.2\junit-jupiter-engine-5.10.2.jar;C:\Users\Pedro Ritzel Scalco\.m2\repository\org\junit\platform\junit-platform-engine\1.10.2\junit-platform-engine-1.10.2.jar;C:\Users\Pedro Ritzel Scalco\.m2\repository\io\quarkus\quarkus-core\3.11.1\quarkus-core-3.11.1.jar;C:\Users\Pedro Ritzel Scalco\.m2\repository\jakarta\annotation\jakarta.annotation-api\3.0.0\jakarta.annotation-api-3.0.0.jar;C:\Users\Pedro Ritzel Scalco\.m2\repository\jakarta\enterprise\jakarta.enterprise.cdi-api\4.1.0\jakarta.enterprise.cdi-api-4.1.0.jar;C:\Users\Pedro Ritzel Scalco\.m2\repository\jakarta\enterprise\jakarta.enterprise.lang-model\4.1.0\jakarta.enterprise.lang-model-4.1.0.jar;C:\Users\Pedro Ritzel Scalco\.m2\repository\jakarta\el\jakarta.el-api\5.0.1\jakarta.el-api-5.0.1.jar;C:\Users\Pedro Ritzel Scalco\.m2\repository\jakarta\interceptor\jakarta.interceptor-api\2.2.0\jakarta.interceptor-api-2.2.0.jar;C:\Users\Pedro Ritzel Scalco\.m2\repository\jakarta\inject\jakarta.inject-api\2.0.1\jakarta.inject-api-2.0.1.jar;C:\Users\Pedro Ritzel Scalco\.m2\repository\io\smallrye\common\smallrye-common-os\2.3.0\smallrye-common-os-2.3.0.jar;C:\Users\Pedro Ritzel Scalco\.m2\repository\io\quarkus\quarkus-ide-launcher\3.11.1\quarkus-ide-launcher-3.11.1.jar;C:\Users\Pedro Ritzel Scalco\.m2\repository\io\quarkus\quarkus-development-mode-spi\3.11.1\quarkus-development-mode-spi-3.11.1.jar;C:\Users\Pedro Ritzel Scalco\.m2\repository\io\smallrye\config\smallrye-config\3.8.1\smallrye-config-3.8.1.jar;C:\Users\Pedro Ritzel Scalco\.m2\repository\io\smallrye\config\smallrye-config-core\3.8.1\smallrye-config-core-3.8.1.jar;C:\Users\Pedro Ritzel Scalco\.m2\repository\org\eclipse\microprofile\config\microprofile-config-api\3.1\microprofile-config-api-3.1.jar;C:\Users\Pedro Ritzel Scalco\.m2\repository\io\smallrye\common\smallrye-common-annotation\2.3.0\smallrye-common-annotation-2.3.0.jar;C:\Users\Pedro Ritzel Scalco\.m2\repository\io\smallrye\common\smallrye-common-classloader\2.3.0\smallrye-common-classloader-2.3.0.jar;C:\Users\Pedro Ritzel Scalco\.m2\repository\io\smallrye\config\smallrye-config-common\3.8.1\smallrye-config-common-3.8.1.jar;C:\Users\Pedro Ritzel Scalco\.m2\repository\org\jboss\logging\jboss-logging\3.5.3.Final\jboss-logging-3.5.3.Final.jar;C:\Users\Pedro Ritzel Scalco\.m2\repository\org\jboss\logmanager\jboss-logmanager\3.0.6.Final\jboss-logmanager-3.0.6.Final.jar;C:\Users\Pedro Ritzel Scalco\.m2\repository\io\smallrye\common\smallrye-common-constraint\2.3.0\smallrye-common-constraint-2.3.0.jar;C:\Users\Pedro Ritzel Scalco\.m2\repository\io\smallrye\common\smallrye-common-cpu\2.3.0\smallrye-common-cpu-2.3.0.jar;C:\Users\Pedro Ritzel Scalco\.m2\repository\io\smallrye\common\smallrye-common-expression\2.3.0\smallrye-common-expression-2.3.0.jar;C:\Users\Pedro Ritzel Scalco\.m2\repository\io\smallrye\common\smallrye-common-function\2.3.0\smallrye-common-function-2.3.0.jar;C:\Users\Pedro Ritzel Scalco\.m2\repository\io\smallrye\common\smallrye-common-net\2.3.0\smallrye-common-net-2.3.0.jar;C:\Users\Pedro Ritzel Scalco\.m2\repository\io\smallrye\common\smallrye-common-ref\2.3.0\smallrye-common-ref-2.3.0.jar;C:\Users\Pedro Ritzel Scalco\.m2\repository\jakarta\json\jakarta.json-api\2.1.3\jakarta.json-api-2.1.3.jar;C:\Users\Pedro Ritzel Scalco\.m2\repository\org\eclipse\parsson\parsson\1.1.6\parsson-1.1.6.jar;C:\Users\Pedro Ritzel Scalco\.m2\repository\org\jboss\logging\jboss-logging-annotations\2.2.1.Final\jboss-logging-annotations-2.2.1.Final.jar;C:\Users\Pedro Ritzel Scalco\.m2\repository\org\jboss\threads\jboss-threads\3.6.1.Final\jboss-threads-3.6.1.Final.jar;C:\Users\Pedro Ritzel Scalco\.m2\repository\org\slf4j\slf4j-api\2.0.6\slf4j-api-2.0.6.jar;C:\Users\Pedro Ritzel Scalco\.m2\repository\org\jboss\slf4j\slf4j-jboss-logmanager\2.0.0.Final\slf4j-jboss-logmanager-2.0.0.Final.jar;C:\Users\Pedro Ritzel Scalco\.m2\repository\org\wildfly\common\wildfly-common\1.7.0.Final\wildfly-common-1.7.0.Final.jar;C:\Users\Pedro Ritzel Scalco\.m2\repository\io\quarkus\quarkus-bootstrap-runner\3.11.1\quarkus-bootstrap-runner-3.11.1.jar;C:\Users\Pedro Ritzel Scalco\.m2\repository\io\github\crac\org-crac\0.1.3\org-crac-0.1.3.jar;C:\Users\Pedro Ritzel Scalco\.m2\repository\io\quarkus\quarkus-fs-util\0.0.10\quarkus-fs-util-0.0.10.jar;C:\Users\Pedro Ritzel Scalco\.m2\repository\com\thoughtworks\xstream\xstream\1.4.20\xstream-1.4.20.jar;C:\Users\Pedro Ritzel Scalco\.m2\repository\io\github\x-stream\mxparser\1.2.2\mxparser-1.2.2.jar;C:\Users\Pedro Ritzel Scalco\.m2\repository\xmlpull\xmlpull\1.1.3.1\xmlpull-1.1.3.1.jar;C:\Users\Pedro Ritzel Scalco\.m2\repository\org\json\json\20190722\json-20190722.jar;"/>
    <property name="sun.cpu.endian" value="little"/>
    <property name="user.home" value="C:\Users\Pedro Ritzel Scalco"/>
    <property name="user.language" value="pt"/>
    <property name="jboss.log-version" value="false"/>
    <property name="java.specification.vendor" value="Oracle Corporation"/>
    <property name="java.version.date" value="2024-04-16"/>
    <property name="java.home" value="C:\Program Files\Java\zulu-21"/>
    <property name="file.separator" value="\"/>
    <property name="basedir" value="C:\Users\Pedro Ritzel Scalco\Desktop\Trabalho\Treinamento\Quarkus\quarkus-lambda\quarkus-lambda"/>
    <property name="style.color" value="always"/>
    <property name="java.vm.compressedOopsMode" value="Zero based"/>
    <property name="line.separator" value="&#10;"/>
    <property name="java.vm.specification.vendor" value="Oracle Corporation"/>
    <property name="java.specification.name" value="Java Platform API Specification"/>
    <property name="surefire.real.class.path" value="C:\Users\Pedro Ritzel Scalco\AppData\Local\Temp\surefire8549294390597937056\surefirebooter-20240621180713913_3.jar"/>
    <property name="user.script" value=""/>
    <property name="sun.management.compiler" value="HotSpot 64-Bit Tiered Compilers"/>
    <property name="java.runtime.version" value="21.0.3+9-LTS"/>
    <property name="user.name" value="Pedro Ritzel Scalco"/>
    <property name="stdout.encoding" value="Cp1252"/>
    <property name="path.separator" value=";"/>
    <property name="os.version" value="10.0"/>
    <property name="java.runtime.name" value="OpenJDK Runtime Environment"/>
    <property name="file.encoding" value="UTF-8"/>
    <property name="java.vm.name" value="OpenJDK 64-Bit Server VM"/>
    <property name="java.vendor.version" value="Zulu21.34+19-CA"/>
    <property name="localRepository" value="C:\Users\Pedro Ritzel Scalco\.m2\repository"/>
    <property name="java.vendor.url.bug" value="http://www.azul.com/support/"/>
    <property name="java.io.tmpdir" value="C:\Users\PEDROR~1\AppData\Local\Temp\"/>
    <property name="quarkus.log.file.path" value="target\quarkus.log"/>
    <property name="java.version" value="21.0.3"/>
    <property name="java.util.concurrent.ForkJoinPool.common.threadFactory" value="io.quarkus.bootstrap.forkjoin.QuarkusForkJoinWorkerThreadFactory"/>
    <property name="user.dir" value="C:\Users\Pedro Ritzel Scalco\Desktop\Trabalho\Treinamento\Quarkus\quarkus-lambda\quarkus-lambda"/>
    <property name="os.arch" value="amd64"/>
    <property name="java.vm.specification.name" value="Java Virtual Machine Specification"/>
    <property name="sun.os.patch.level" value=""/>
    <property name="com.amazonaws.xray.traceHeader" value="1c2d04be-cdee-41dc-9219-ce9e3f403dba"/>
    <property name="native.encoding" value="Cp1252"/>
    <property name="java.util.logging.manager" value="org.jboss.logmanager.LogManager"/>
    <property name="java.library.path" value="C:\Program Files\Java\zulu-21\bin;C:\WINDOWS\Sun\Java\bin;C:\WINDOWS\system32;C:\WINDOWS;C:\Users\Pedro Ritzel Scalco\bin;C:\Program Files\Git\mingw64\bin;C:\Program Files\Git\usr\local\bin;C:\Program Files\Git\usr\bin;C:\Program Files\Git\usr\bin;C:\Program Files\Git\mingw64\bin;C:\Program Files\Git\usr\bin;C:\Users\Pedro Ritzel Scalco\bin;C:\Program Files\Java\zulu-21\bin;C:\Program Files\Zulu\zulu-8\bin;C:\ProgramData\Oracle\Java\javapath;C:\flutter\bin;C:\Program Files\Maven\apache-maven-3.9.6\bin;C:\Program Files\Git\cmd;C:\Program Files\Common Files\Oracle\Java\javapath;C:\Windows\system32;C:\Windows;C:\Windows\System32\Wbem;C:\Windows\System32\WindowsPowerShell\v1.0;C:\Windows\System32\OpenSSH;C:\Program Files (x86)\NVIDIA Corporation\PhysX\Common;C:\Program Files\NVIDIA Corporation\NVIDIA NvDLISR;C:\WINDOWS\system32;C:\WINDOWS;C:\WINDOWS\System32\Wbem;C:\WINDOWS\System32\WindowsPowerShell\v1.0;C:\WINDOWS\System32\OpenSSH;C:\Program Files\dotnet;C:\Program Files\nodejs;C:\Program Files\MySQL\MySQL Utilities 1.6;C:\Program Files\Docker\Docker\resources\bin;D:\Windows Kits\10\Windows Performance Toolkit;C:\Program Files\Maven\apache-maven-3.9.6\bin;C:\Users\Pedro Ritzel Scalco\.jbang\bin;C:\Users\Pedro Ritzel Scalco\AppData\Local\Microsoft\WindowsApps;C:\Users\Pedro Ritzel Scalco\AppData\Local\Programs\Microsoft VS Code\bin;C:\Users\Pedro Ritzel Scalco\AppData\Roaming\npm;C:\Program Files\JetBrains\IntelliJ IDEA Community Edition 2022.3.1\bin;C:\Windows\System32\WindowsPowerShell\v1.0;C:\Program Files\Git\usr\bin\git.exe;C:\Program Files\Git\cmd;C:\Windows\System32;C:\flutter\bin;C:\Program Files\Git\usr\bin\vendor_perl;C:\Program Files\Git\usr\bin\core_perl;."/>
    <property name="java.vm.info" value="mixed mode, sharing"/>
    <property name="stderr.encoding" value="Cp1252"/>
    <property name="java.vendor" value="Azul Systems, Inc."/>
    <property name="java.vm.version" value="21.0.3+9-LTS"/>
    <property name="sun.io.unicode.encoding" value="UnicodeLittle"/>
    <property name="java.class.version" value="65.0"/>
  </properties>
  <testcase name="testSimpleLambdaSuccess" classname="lambda.LambdaHandlerTest" time="1.265">
    <system-out><![CDATA[2024-06-21 18:07:17,237 INFO  [io.qua.ama.lam.run.MockEventServer] (build-34) Mock Lambda Event Server Started
2024-06-21 18:07:17,925 INFO  [io.qua.ama.lam.run.AbstractLambdaPollLoop] (Lambda Thread (TEST)) Listening on: http://localhost:8081/_lambda_/2018-06-01/runtime/invocation/next
2024-06-21 18:07:17,941 INFO  [io.quarkus] (main) quarkus-lambda 1.0-SNAPSHOT on JVM (powered by Quarkus 3.11.1) started in 2.381s. 
2024-06-21 18:07:17,956 INFO  [io.quarkus] (main) Profile test activated. 
2024-06-21 18:07:17,956 INFO  [io.quarkus] (main) Installed features: [amazon-lambda, cdi]
chegou aqui?
chegou aqui]]></system-out>
  </testcase>
</testsuite>